Determining if the Q_WS_WIN exist failed with the following output:
Change Dir: /home/oal/Documents/Neural_Genetic_8/builds/CMakeFiles/CMakeTmp

Run Build Command:/usr/bin/make "cmTryCompileExec442846644/fast"
/usr/bin/make -f CMakeFiles/cmTryCompileExec442846644.dir/build.make CMakeFiles/cmTryCompileExec442846644.dir/build
make[1]: Entering directory `/home/oal/Documents/Neural_Genetic_8/builds/CMakeFiles/CMakeTmp'
/usr/bin/cmake -E cmake_progress_report /home/oal/Documents/Neural_Genetic_8/builds/CMakeFiles/CMakeTmp/CMakeFiles 1
Building CXX object CMakeFiles/cmTryCompileExec442846644.dir/CheckSymbolExists.cxx.o
/usr/bin/c++    -I/usr/include/qt4    -o CMakeFiles/cmTryCompileExec442846644.dir/CheckSymbolExists.cxx.o -c /home/oal/Documents/Neural_Genetic_8/builds/CMakeFiles/CMakeTmp/CheckSymbolExists.cxx
/home/oal/Documents/Neural_Genetic_8/builds/CMakeFiles/CMakeTmp/CheckSymbolExists.cxx: In function ‘int main(int, char**)’:
/home/oal/Documents/Neural_Genetic_8/builds/CMakeFiles/CMakeTmp/CheckSymbolExists.cxx:8:19: error: ‘Q_WS_WIN’ was not declared in this scope
   return ((int*)(&Q_WS_WIN))[argc];
                   ^
make[1]: *** [CMakeFiles/cmTryCompileExec442846644.dir/CheckSymbolExists.cxx.o] Error 1
make[1]: Leaving directory `/home/oal/Documents/Neural_Genetic_8/builds/CMakeFiles/CMakeTmp'
make: *** [cmTryCompileExec442846644/fast] Error 2

File /home/oal/Documents/Neural_Genetic_8/builds/CMakeFiles/CMakeTmp/CheckSymbolExists.cxx:
/* */
#include <QtCore/qglobal.h>

int main(int argc, char** argv)
{
  (void)argv;
#ifndef Q_WS_WIN
  return ((int*)(&Q_WS_WIN))[argc];
#else
  (void)argc;
  return 0;
#endif
}

Determining if the Q_WS_QWS exist failed with the following output:
Change Dir: /home/oal/Documents/Neural_Genetic_8/builds/CMakeFiles/CMakeTmp

Run Build Command:/usr/bin/make "cmTryCompileExec1933267547/fast"
/usr/bin/make -f CMakeFiles/cmTryCompileExec1933267547.dir/build.make CMakeFiles/cmTryCompileExec1933267547.dir/build
make[1]: Entering directory `/home/oal/Documents/Neural_Genetic_8/builds/CMakeFiles/CMakeTmp'
/usr/bin/cmake -E cmake_progress_report /home/oal/Documents/Neural_Genetic_8/builds/CMakeFiles/CMakeTmp/CMakeFiles 1
Building CXX object CMakeFiles/cmTryCompileExec1933267547.dir/CheckSymbolExists.cxx.o
/usr/bin/c++    -I/usr/include/qt4    -o CMakeFiles/cmTryCompileExec1933267547.dir/CheckSymbolExists.cxx.o -c /home/oal/Documents/Neural_Genetic_8/builds/CMakeFiles/CMakeTmp/CheckSymbolExists.cxx
/home/oal/Documents/Neural_Genetic_8/builds/CMakeFiles/CMakeTmp/CheckSymbolExists.cxx: In function ‘int main(int, char**)’:
/home/oal/Documents/Neural_Genetic_8/builds/CMakeFiles/CMakeTmp/CheckSymbolExists.cxx:8:19: error: ‘Q_WS_QWS’ was not declared in this scope
   return ((int*)(&Q_WS_QWS))[argc];
                   ^
make[1]: *** [CMakeFiles/cmTryCompileExec1933267547.dir/CheckSymbolExists.cxx.o] Error 1
make[1]: Leaving directory `/home/oal/Documents/Neural_Genetic_8/builds/CMakeFiles/CMakeTmp'
make: *** [cmTryCompileExec1933267547/fast] Error 2

File /home/oal/Documents/Neural_Genetic_8/builds/CMakeFiles/CMakeTmp/CheckSymbolExists.cxx:
/* */
#include <QtCore/qglobal.h>

int main(int argc, char** argv)
{
  (void)argv;
#ifndef Q_WS_QWS
  return ((int*)(&Q_WS_QWS))[argc];
#else
  (void)argc;
  return 0;
#endif
}

Determining if the Q_WS_MAC exist failed with the following output:
Change Dir: /home/oal/Documents/Neural_Genetic_8/builds/CMakeFiles/CMakeTmp

Run Build Command:/usr/bin/make "cmTryCompileExec3693315217/fast"
/usr/bin/make -f CMakeFiles/cmTryCompileExec3693315217.dir/build.make CMakeFiles/cmTryCompileExec3693315217.dir/build
make[1]: Entering directory `/home/oal/Documents/Neural_Genetic_8/builds/CMakeFiles/CMakeTmp'
/usr/bin/cmake -E cmake_progress_report /home/oal/Documents/Neural_Genetic_8/builds/CMakeFiles/CMakeTmp/CMakeFiles 1
Building CXX object CMakeFiles/cmTryCompileExec3693315217.dir/CheckSymbolExists.cxx.o
/usr/bin/c++    -I/usr/include/qt4    -o CMakeFiles/cmTryCompileExec3693315217.dir/CheckSymbolExists.cxx.o -c /home/oal/Documents/Neural_Genetic_8/builds/CMakeFiles/CMakeTmp/CheckSymbolExists.cxx
/home/oal/Documents/Neural_Genetic_8/builds/CMakeFiles/CMakeTmp/CheckSymbolExists.cxx: In function ‘int main(int, char**)’:
/home/oal/Documents/Neural_Genetic_8/builds/CMakeFiles/CMakeTmp/CheckSymbolExists.cxx:8:19: error: ‘Q_WS_MAC’ was not declared in this scope
   return ((int*)(&Q_WS_MAC))[argc];
                   ^
make[1]: *** [CMakeFiles/cmTryCompileExec3693315217.dir/CheckSymbolExists.cxx.o] Error 1
make[1]: Leaving directory `/home/oal/Documents/Neural_Genetic_8/builds/CMakeFiles/CMakeTmp'
make: *** [cmTryCompileExec3693315217/fast] Error 2

File /home/oal/Documents/Neural_Genetic_8/builds/CMakeFiles/CMakeTmp/CheckSymbolExists.cxx:
/* */
#include <QtCore/qglobal.h>

int main(int argc, char** argv)
{
  (void)argv;
#ifndef Q_WS_MAC
  return ((int*)(&Q_WS_MAC))[argc];
#else
  (void)argc;
  return 0;
#endif
}

